<?xml version="1.0" encoding="UTF-8"?>
<!-- Generated by org.testng.reporters.JUnitXMLReporter -->
<testsuite ignored="3" hostname="LAPTOP-MJA9L9M3" failures="0" tests="5" name="Default test" time="23.433" errors="0" timestamp="2025-03-24T20:58:42 IST">
  <testcase classname="testcases.LoginTest" name="verifyMultiCreds" time="1.074"/>
  <testcase classname="testcases.LoginTest" name="verifyMultiCreds" time="1.152"/>
  <testcase classname="testcases.LoginTest" name="verifyMultiCreds" time="5.348"/>
  <testcase classname="testcases.LoginTest" name="verifyMultiCreds" time="0.293"/>
  <testcase classname="testcases.LoginTest" name="verifyMultiCreds" time="0.283"/>
  <testcase classname="testcases.LoginTest" name="loginToApplicationTest" time="0.0">
    <ignored/>
  </testcase> <!-- loginToApplicationTest -->
  <testcase classname="testcases.LoginTest" name="verifyTitleOfApplicationTest" time="0.0">
    <ignored/>
  </testcase> <!-- verifyTitleOfApplicationTest -->
  <testcase classname="testcases.LoginTest" name="verifyURLOfApplicationTest" time="0.0">
    <ignored/>
  </testcase> <!-- verifyURLOfApplicationTest -->
</testsuite> <!-- Default test -->
