<?xml version="1.0" encoding="UTF-8"?>
<!-- Generated by org.testng.reporters.JUnitXMLReporter -->
<testsuite ignored="10" hostname="LAPTOP-MJA9L9M3" failures="0" tests="1" name="Default test" time="4.809" errors="0" timestamp="2025-03-20T14:29:14 IST">
  <testcase classname="testcases.InventoryPageTest" name="verifyTwitterLogoTest" time="0.044"/>
  <testcase classname="testcases.InventoryPageTest" name="verifySwagLabsAppLogoTest" time="0.0">
    <ignored/>
  </testcase> <!-- verifySwagLabsAppLogoTest -->
  <testcase classname="testcases.InventoryPageTest" name="verifyTitleOfAPPlicationTest" time="0.0">
    <ignored/>
  </testcase> <!-- verifyTitleOfAPPlicationTest -->
  <testcase classname="testcases.InventoryPageTest" name="verifyFacebookLogoTest" time="0.0">
    <ignored/>
  </testcase> <!-- verifyFacebookLogoTest -->
  <testcase classname="testcases.InventoryPageTest" name="verifyLinkedInLogoTest" time="0.0">
    <ignored/>
  </testcase> <!-- verifyLinkedInLogoTest -->
  <testcase classname="testcases.InventoryPageTest" name="verifyFooterTxtTest" time="0.0">
    <ignored/>
  </testcase> <!-- verifyFooterTxtTest -->
  <testcase classname="testcases.InventoryPageTest" name="verifyURLOfAPPlicationTest" time="0.0">
    <ignored/>
  </testcase> <!-- verifyURLOfAPPlicationTest -->
  <testcase classname="testcases.InventoryPageTest" name="verifyMenuListTest" time="0.0">
    <ignored/>
  </testcase> <!-- verifyMenuListTest -->
  <testcase classname="testcases.InventoryPageTest" name="verifyTitleOfInventoryPageTest" time="0.0">
    <ignored/>
  </testcase> <!-- verifyTitleOfInventoryPageTest -->
  <testcase classname="testcases.InventoryPageTest" name="verifyAdd6ItemTest" time="0.0">
    <ignored/>
  </testcase> <!-- verifyAdd6ItemTest -->
  <testcase classname="testcases.InventoryPageTest" name="verifyRemove2ProductTest" time="0.0">
    <ignored/>
  </testcase> <!-- verifyRemove2ProductTest -->
</testsuite> <!-- Default test -->
