<?xml version="1.0" encoding="UTF-8"?>
<testng-results ignored="10" total="11" passed="1" failed="0" skipped="0">
  <reporter-output>
  </reporter-output>
  <suite started-at="2025-03-20T14:29:09 IST" name="Default suite" finished-at="2025-03-20T14:29:14 IST" duration-ms="4809">
    <groups>
    </groups>
    <test started-at="2025-03-20T14:29:09 IST" name="Default test" finished-at="2025-03-20T14:29:14 IST" duration-ms="4809">
      <class name="testcases.InventoryPageTest">
        <test-method is-config="true" signature="setUp()[pri:0, instance:testcases.InventoryPageTest@550ee7e5]" started-at="2025-03-20T14:29:09 IST" name="setUp" finished-at="2025-03-20T14:29:14 IST" duration-ms="4607" status="PASS">
          <reporter-output>
          </reporter-output>
        </test-method> <!-- setUp -->
        <test-method signature="verifyTwitterLogoTest()[pri:0, instance:testcases.InventoryPageTest@550ee7e5]" started-at="2025-03-20T14:29:14 IST" name="verifyTwitterLogoTest" finished-at="2025-03-20T14:29:14 IST" duration-ms="44" status="PASS">
          <reporter-output>
          </reporter-output>
        </test-method> <!-- verifyTwitterLogoTest -->
        <test-method is-config="true" signature="closeBrowse()[pri:0, instance:testcases.InventoryPageTest@550ee7e5]" started-at="2025-03-20T14:29:14 IST" name="closeBrowse" finished-at="2025-03-20T14:29:14 IST" duration-ms="134" status="PASS">
          <reporter-output>
          </reporter-output>
        </test-method> <!-- closeBrowse -->
      </class> <!-- testcases.InventoryPageTest -->
    </test> <!-- Default test -->
  </suite> <!-- Default suite -->
</testng-results>
