<?xml version="1.0" encoding="UTF-8"?>
<testng-results ignored="3" total="8" passed="5" failed="0" skipped="0">
  <reporter-output>
  </reporter-output>
  <suite started-at="2025-03-24T20:58:19 IST" name="Default suite" finished-at="2025-03-24T20:58:42 IST" duration-ms="23433">
    <groups>
    </groups>
    <test started-at="2025-03-24T20:58:19 IST" name="Default test" finished-at="2025-03-24T20:58:42 IST" duration-ms="23433">
      <class name="testcases.LoginTest">
        <test-method is-config="true" signature="setUp()[pri:0, instance:testcases.LoginTest@38afe297]" started-at="2025-03-24T20:58:19 IST" name="setUp" finished-at="2025-03-24T20:58:22 IST" duration-ms="3204" status="PASS">
          <reporter-output>
          </reporter-output>
        </test-method> <!-- setUp -->
        <test-method signature="verifyMultiCreds(java.lang.String,java.lang.String)[pri:0, instance:testcases.LoginTest@38afe297]" started-at="2025-03-24T20:58:22 IST" name="verifyMultiCreds" data-provider="ValidationForLogin" finished-at="2025-03-24T20:58:23 IST" duration-ms="1074" status="PASS">
          <params>
            <param index="0">
              <value>
                <![CDATA[standard_user]]>
              </value>
            </param>
            <param index="1">
              <value>
                <![CDATA[secret_sauce]]>
              </value>
            </param>
          </params>
          <reporter-output>
          </reporter-output>
        </test-method> <!-- verifyMultiCreds -->
        <test-method is-config="true" signature="closeBrowser(org.testng.ITestResult)[pri:0, instance:testcases.LoginTest@38afe297]" started-at="2025-03-24T20:58:23 IST" name="closeBrowser" finished-at="2025-03-24T20:58:24 IST" duration-ms="492" status="PASS">
          <params>
            <param index="0">
              <value>
                <![CDATA[[TestResult name=verifyMultiCreds status=SUCCESS method=LoginTest.verifyMultiCreds(java.lang.String,java.lang.String)[pri:0, instance:testcases.LoginTest@38afe297] output={null}]]]>
              </value>
            </param>
          </params>
          <reporter-output>
          </reporter-output>
        </test-method> <!-- closeBrowser -->
        <test-method is-config="true" signature="setUp()[pri:0, instance:testcases.LoginTest@38afe297]" started-at="2025-03-24T20:58:24 IST" name="setUp" finished-at="2025-03-24T20:58:25 IST" duration-ms="1590" status="PASS">
          <reporter-output>
          </reporter-output>
        </test-method> <!-- setUp -->
        <test-method signature="verifyMultiCreds(java.lang.String,java.lang.String)[pri:0, instance:testcases.LoginTest@38afe297]" started-at="2025-03-24T20:58:25 IST" name="verifyMultiCreds" data-provider="ValidationForLogin" finished-at="2025-03-24T20:58:27 IST" duration-ms="1152" status="PASS">
          <params>
            <param index="0">
              <value>
                <![CDATA[problem_user]]>
              </value>
            </param>
            <param index="1">
              <value>
                <![CDATA[secret_sauce]]>
              </value>
            </param>
          </params>
          <reporter-output>
          </reporter-output>
        </test-method> <!-- verifyMultiCreds -->
        <test-method is-config="true" signature="closeBrowser(org.testng.ITestResult)[pri:0, instance:testcases.LoginTest@38afe297]" started-at="2025-03-24T20:58:27 IST" name="closeBrowser" finished-at="2025-03-24T20:58:27 IST" duration-ms="172" status="PASS">
          <params>
            <param index="0">
              <value>
                <![CDATA[[TestResult name=verifyMultiCreds status=SUCCESS method=LoginTest.verifyMultiCreds(java.lang.String,java.lang.String)[pri:0, instance:testcases.LoginTest@38afe297] output={null}]]]>
              </value>
            </param>
          </params>
          <reporter-output>
          </reporter-output>
        </test-method> <!-- closeBrowser -->
        <test-method is-config="true" signature="setUp()[pri:0, instance:testcases.LoginTest@38afe297]" started-at="2025-03-24T20:58:27 IST" name="setUp" finished-at="2025-03-24T20:58:30 IST" duration-ms="3728" status="PASS">
          <reporter-output>
          </reporter-output>
        </test-method> <!-- setUp -->
        <test-method signature="verifyMultiCreds(java.lang.String,java.lang.String)[pri:0, instance:testcases.LoginTest@38afe297]" started-at="2025-03-24T20:58:30 IST" name="verifyMultiCreds" data-provider="ValidationForLogin" finished-at="2025-03-24T20:58:36 IST" duration-ms="5348" status="PASS">
          <params>
            <param index="0">
              <value>
                <![CDATA[performance_glitch_user]]>
              </value>
            </param>
            <param index="1">
              <value>
                <![CDATA[secret_sauce]]>
              </value>
            </param>
          </params>
          <reporter-output>
          </reporter-output>
        </test-method> <!-- verifyMultiCreds -->
        <test-method is-config="true" signature="closeBrowser(org.testng.ITestResult)[pri:0, instance:testcases.LoginTest@38afe297]" started-at="2025-03-24T20:58:36 IST" name="closeBrowser" finished-at="2025-03-24T20:58:36 IST" duration-ms="260" status="PASS">
          <params>
            <param index="0">
              <value>
                <![CDATA[[TestResult name=verifyMultiCreds status=SUCCESS method=LoginTest.verifyMultiCreds(java.lang.String,java.lang.String)[pri:0, instance:testcases.LoginTest@38afe297] output={null}]]]>
              </value>
            </param>
          </params>
          <reporter-output>
          </reporter-output>
        </test-method> <!-- closeBrowser -->
        <test-method is-config="true" signature="setUp()[pri:0, instance:testcases.LoginTest@38afe297]" started-at="2025-03-24T20:58:36 IST" name="setUp" finished-at="2025-03-24T20:58:39 IST" duration-ms="2446" status="PASS">
          <reporter-output>
          </reporter-output>
        </test-method> <!-- setUp -->
        <test-method signature="verifyMultiCreds(java.lang.String,java.lang.String)[pri:0, instance:testcases.LoginTest@38afe297]" started-at="2025-03-24T20:58:39 IST" name="verifyMultiCreds" data-provider="ValidationForLogin" finished-at="2025-03-24T20:58:39 IST" duration-ms="293" status="PASS">
          <params>
            <param index="0">
              <value>
                <![CDATA[error_user]]>
              </value>
            </param>
            <param index="1">
              <value>
                <![CDATA[secret_sauce]]>
              </value>
            </param>
          </params>
          <reporter-output>
          </reporter-output>
        </test-method> <!-- verifyMultiCreds -->
        <test-method is-config="true" signature="closeBrowser(org.testng.ITestResult)[pri:0, instance:testcases.LoginTest@38afe297]" started-at="2025-03-24T20:58:39 IST" name="closeBrowser" finished-at="2025-03-24T20:58:39 IST" duration-ms="509" status="PASS">
          <params>
            <param index="0">
              <value>
                <![CDATA[[TestResult name=verifyMultiCreds status=SUCCESS method=LoginTest.verifyMultiCreds(java.lang.String,java.lang.String)[pri:0, instance:testcases.LoginTest@38afe297] output={null}]]]>
              </value>
            </param>
          </params>
          <reporter-output>
          </reporter-output>
        </test-method> <!-- closeBrowser -->
        <test-method is-config="true" signature="setUp()[pri:0, instance:testcases.LoginTest@38afe297]" started-at="2025-03-24T20:58:39 IST" name="setUp" finished-at="2025-03-24T20:58:42 IST" duration-ms="2380" status="PASS">
          <reporter-output>
          </reporter-output>
        </test-method> <!-- setUp -->
        <test-method signature="verifyMultiCreds(java.lang.String,java.lang.String)[pri:0, instance:testcases.LoginTest@38afe297]" started-at="2025-03-24T20:58:42 IST" name="verifyMultiCreds" data-provider="ValidationForLogin" finished-at="2025-03-24T20:58:42 IST" duration-ms="283" status="PASS">
          <params>
            <param index="0">
              <value>
                <![CDATA[visual_user]]>
              </value>
            </param>
            <param index="1">
              <value>
                <![CDATA[secret_sauce]]>
              </value>
            </param>
          </params>
          <reporter-output>
          </reporter-output>
        </test-method> <!-- verifyMultiCreds -->
        <test-method is-config="true" signature="closeBrowser(org.testng.ITestResult)[pri:0, instance:testcases.LoginTest@38afe297]" started-at="2025-03-24T20:58:42 IST" name="closeBrowser" finished-at="2025-03-24T20:58:42 IST" duration-ms="455" status="PASS">
          <params>
            <param index="0">
              <value>
                <![CDATA[[TestResult name=verifyMultiCreds status=SUCCESS method=LoginTest.verifyMultiCreds(java.lang.String,java.lang.String)[pri:0, instance:testcases.LoginTest@38afe297] output={null}]]]>
              </value>
            </param>
          </params>
          <reporter-output>
          </reporter-output>
        </test-method> <!-- closeBrowser -->
      </class> <!-- testcases.LoginTest -->
    </test> <!-- Default test -->
  </suite> <!-- Default suite -->
</testng-results>
