<?xml version="1.0" encoding="UTF-8"?>
<!-- Generated by org.testng.reporters.JUnitXMLReporter -->
<testsuite ignored="8" hostname="LAPTOP-MJA9L9M3" failures="0" tests="6" name="Test" time="21.396" errors="0" timestamp="2025-03-15T17:07:10 IST">
  <testcase classname="testcases.InventoryPageTest" name="verifyMenuListTest" time="0.059"/>
  <testcase classname="testcases.InventoryPageTest" name="verifyTitleOfAPPlicationTest" time="0.641"/>
  <testcase classname="testcases.InventoryPageTest" name="verifyURLOfAPPlicationTest" time="0.071"/>
  <testcase classname="testcases.LoginTest" name="loginToApplicationTest" time="0.312"/>
  <testcase classname="testcases.LoginTest" name="verifyTitleOfApplicationTest" time="0.047"/>
  <testcase classname="testcases.LoginTest" name="verifyURLOfApplicationTest" time="0.046"/>
  <testcase classname="testcases.InventoryPageTest" name="verifySwagLabsAppLogoTest" time="0.0">
    <ignored/>
  </testcase> <!-- verifySwagLabsAppLogoTest -->
  <testcase classname="testcases.InventoryPageTest" name="verifyFacebookLogoTest" time="0.0">
    <ignored/>
  </testcase> <!-- verifyFacebookLogoTest -->
  <testcase classname="testcases.InventoryPageTest" name="verifyLinkedInLogoTest" time="0.0">
    <ignored/>
  </testcase> <!-- verifyLinkedInLogoTest -->
  <testcase classname="testcases.InventoryPageTest" name="verifyFooterTxtTest" time="0.0">
    <ignored/>
  </testcase> <!-- verifyFooterTxtTest -->
  <testcase classname="testcases.InventoryPageTest" name="verifyTwitterLogoTest" time="0.0">
    <ignored/>
  </testcase> <!-- verifyTwitterLogoTest -->
  <testcase classname="testcases.InventoryPageTest" name="verifyTitleOfInventoryPageTest" time="0.0">
    <ignored/>
  </testcase> <!-- verifyTitleOfInventoryPageTest -->
  <testcase classname="testcases.InventoryPageTest" name="verifyAdd6ItemTest" time="0.0">
    <ignored/>
  </testcase> <!-- verifyAdd6ItemTest -->
  <testcase classname="testcases.InventoryPageTest" name="verifyRemove2ProductTest" time="0.0">
    <ignored/>
  </testcase> <!-- verifyRemove2ProductTest -->
</testsuite> <!-- Test -->
